::1 - - [02/Oct/2025:10:33:28 +0000] "GET /api/calescementosplasticor HTTP/1.1" 200 763 "-" "axios/1.12.2"
::1 - - [02/Oct/2025:10:33:28 +0000] "GET /api/comprobantesaomitir HTTP/1.1" 200 322 "-" "axios/1.12.2"
::1 - - [02/Oct/2025:10:33:28 +0000] "GET /api/deposanoconsiderar HTTP/1.1" 200 528 "-" "axios/1.12.2"
::1 - - [02/Oct/2025:10:33:28 +0000] "GET /api/depositoanoconsiderarparastockfisico HTTP/1.1" 200 713 "-" "axios/1.12.2"
::1 - - [02/Oct/2025:10:33:28 +0000] "GET /api/filtroclientesplataforma HTTP/1.1" 200 193 "-" "axios/1.12.2"
::1 - - [02/Oct/2025:10:33:28 +0000] "GET /api/remitosvtas HTTP/1.1" 200 - "-" "axios/1.12.2"
::1 - - [02/Oct/2025:10:33:28 +0000] "GET /api/filtroclientesplataforma HTTP/1.1" 200 193 "-" "axios/1.12.2"
::1 - - [02/Oct/2025:10:33:28 +0000] "GET /api/actualizacionweb HTTP/1.1" 200 196 "-" "axios/1.12.2"
::1 - - [02/Oct/2025:10:33:28 +0000] "GET /api/actualizacionweb HTTP/1.1" 200 196 "-" "axios/1.12.2"
::1 - - [02/Oct/2025:10:34:10 +0000] "GET /api/depositoanoconsiderarparastockfisico HTTP/1.1" 200 713 "-" "axios/1.12.2"
::1 - - [02/Oct/2025:10:34:10 +0000] "GET /api/deposanoconsiderar HTTP/1.1" 200 528 "-" "axios/1.12.2"
::1 - - [02/Oct/2025:10:34:10 +0000] "GET /api/remitosvtas HTTP/1.1" 200 - "-" "axios/1.12.2"
::1 - - [02/Oct/2025:10:34:10 +0000] "GET /api/filtroclientesplataforma HTTP/1.1" 200 193 "-" "axios/1.12.2"
::1 - - [02/Oct/2025:10:34:10 +0000] "GET /api/comprobantesaomitir HTTP/1.1" 200 322 "-" "axios/1.12.2"
::1 - - [02/Oct/2025:10:34:10 +0000] "GET /api/calescementosplasticor HTTP/1.1" 200 763 "-" "axios/1.12.2"
::1 - - [02/Oct/2025:10:34:10 +0000] "GET /api/filtroclientesplataforma HTTP/1.1" 200 193 "-" "axios/1.12.2"
::1 - - [02/Oct/2025:10:34:10 +0000] "GET /api/actualizacionweb HTTP/1.1" 200 196 "-" "axios/1.12.2"
::1 - - [02/Oct/2025:10:34:10 +0000] "GET /api/actualizacionweb HTTP/1.1" 200 196 "-" "axios/1.12.2"
::1 - - [02/Oct/2025:10:42:13 +0000] "GET /api/depositoanoconsiderarparastockfisico HTTP/1.1" 200 713 "-" "axios/1.12.2"
::1 - - [02/Oct/2025:10:42:13 +0000] "GET /api/deposanoconsiderar HTTP/1.1" 200 528 "-" "axios/1.12.2"
::1 - - [02/Oct/2025:10:42:13 +0000] "GET /api/comprobantesaomitir HTTP/1.1" 200 322 "-" "axios/1.12.2"
::1 - - [02/Oct/2025:10:42:13 +0000] "GET /api/calescementosplasticor HTTP/1.1" 200 763 "-" "axios/1.12.2"
::1 - - [02/Oct/2025:10:42:13 +0000] "GET /api/remitosvtas HTTP/1.1" 200 - "-" "axios/1.12.2"
::1 - - [02/Oct/2025:10:42:13 +0000] "GET /api/filtroclientesplataforma HTTP/1.1" 200 193 "-" "axios/1.12.2"
::1 - - [02/Oct/2025:10:42:13 +0000] "GET /api/filtroclientesplataforma HTTP/1.1" 200 193 "-" "axios/1.12.2"
::1 - - [02/Oct/2025:10:42:14 +0000] "GET /api/actualizacionweb HTTP/1.1" 200 196 "-" "axios/1.12.2"
::1 - - [02/Oct/2025:10:42:14 +0000] "GET /api/actualizacionweb HTTP/1.1" 200 196 "-" "axios/1.12.2"
::1 - - [02/Oct/2025:10:44:54 +0000] "GET /api/depositoanoconsiderarparastockfisico HTTP/1.1" 200 713 "-" "axios/1.12.2"
::1 - - [02/Oct/2025:10:44:54 +0000] "GET /api/deposanoconsiderar HTTP/1.1" 200 528 "-" "axios/1.12.2"
::1 - - [02/Oct/2025:10:44:54 +0000] "GET /api/comprobantesaomitir HTTP/1.1" 200 322 "-" "axios/1.12.2"
::1 - - [02/Oct/2025:10:44:54 +0000] "GET /api/remitosvtas HTTP/1.1" 200 - "-" "axios/1.12.2"
::1 - - [02/Oct/2025:10:44:54 +0000] "GET /api/calescementosplasticor HTTP/1.1" 200 763 "-" "axios/1.12.2"
::1 - - [02/Oct/2025:10:44:54 +0000] "GET /api/filtroclientesplataforma HTTP/1.1" 200 193 "-" "axios/1.12.2"
::1 - - [02/Oct/2025:10:44:54 +0000] "GET /api/filtroclientesplataforma HTTP/1.1" 200 193 "-" "axios/1.12.2"
::1 - - [02/Oct/2025:10:44:54 +0000] "GET /api/actualizacionweb HTTP/1.1" 200 196 "-" "axios/1.12.2"
::1 - - [02/Oct/2025:10:44:55 +0000] "GET /api/actualizacionweb HTTP/1.1" 200 196 "-" "axios/1.12.2"
::1 - - [02/Oct/2025:10:55:32 +0000] "GET /api/deposanoconsiderar HTTP/1.1" 200 528 "-" "axios/1.12.2"
::1 - - [02/Oct/2025:10:55:32 +0000] "GET /api/depositoanoconsiderarparastockfisico HTTP/1.1" 200 713 "-" "axios/1.12.2"
::1 - - [02/Oct/2025:10:55:32 +0000] "GET /api/calescementosplasticor HTTP/1.1" 200 763 "-" "axios/1.12.2"
::1 - - [02/Oct/2025:10:55:32 +0000] "GET /api/filtroclientesplataforma HTTP/1.1" 200 193 "-" "axios/1.12.2"
::1 - - [02/Oct/2025:10:55:32 +0000] "GET /api/remitosvtas HTTP/1.1" 200 - "-" "axios/1.12.2"
::1 - - [02/Oct/2025:10:55:32 +0000] "GET /api/comprobantesaomitir HTTP/1.1" 200 322 "-" "axios/1.12.2"
::1 - - [02/Oct/2025:10:55:32 +0000] "GET /api/filtroclientesplataforma HTTP/1.1" 200 193 "-" "axios/1.12.2"
::1 - - [02/Oct/2025:10:55:32 +0000] "GET /api/actualizacionweb HTTP/1.1" 200 196 "-" "axios/1.12.2"
::1 - - [02/Oct/2025:10:55:32 +0000] "GET /api/actualizacionweb HTTP/1.1" 200 196 "-" "axios/1.12.2"
::1 - - [02/Oct/2025:10:57:57 +0000] "GET /api/depositoanoconsiderarparastockfisico HTTP/1.1" 200 713 "-" "axios/1.12.2"
::1 - - [02/Oct/2025:10:57:57 +0000] "GET /api/deposanoconsiderar HTTP/1.1" 200 528 "-" "axios/1.12.2"
::1 - - [02/Oct/2025:10:57:57 +0000] "GET /api/comprobantesaomitir HTTP/1.1" 200 322 "-" "axios/1.12.2"
::1 - - [02/Oct/2025:10:57:57 +0000] "GET /api/remitosvtas HTTP/1.1" 200 - "-" "axios/1.12.2"
::1 - - [02/Oct/2025:10:57:57 +0000] "GET /api/calescementosplasticor HTTP/1.1" 200 763 "-" "axios/1.12.2"
::1 - - [02/Oct/2025:10:57:57 +0000] "GET /api/filtroclientesplataforma HTTP/1.1" 200 193 "-" "axios/1.12.2"
::1 - - [02/Oct/2025:10:57:57 +0000] "GET /api/filtroclientesplataforma HTTP/1.1" 200 193 "-" "axios/1.12.2"
::1 - - [02/Oct/2025:10:57:57 +0000] "GET /api/actualizacionweb HTTP/1.1" 200 196 "-" "axios/1.12.2"
::1 - - [02/Oct/2025:10:57:57 +0000] "GET /api/actualizacionweb HTTP/1.1" 200 196 "-" "axios/1.12.2"
::ffff:127.0.0.1 - - [02/Oct/2025:11:01:07 +0000] "GET /api/consultaclientes/co HTTP/1.1" 200 - "-" "Mozilla/5.0 (Windows NT 10.0; Win64; x64; rv:144.0) Gecko/20100101 Firefox/144.0"
::ffff:127.0.0.1 - - [02/Oct/2025:11:01:07 +0000] "GET /api/consultaclientes/c HTTP/1.1" 200 - "-" "Mozilla/5.0 (Windows NT 10.0; Win64; x64; rv:144.0) Gecko/20100101 Firefox/144.0"
::ffff:127.0.0.1 - - [02/Oct/2025:11:01:07 +0000] "GET /api/consultaclientes/coi HTTP/1.1" 200 347 "-" "Mozilla/5.0 (Windows NT 10.0; Win64; x64; rv:144.0) Gecko/20100101 Firefox/144.0"
::ffff:127.0.0.1 - - [02/Oct/2025:11:01:10 +0000] "GET /api/consultasaldosctacte?codcliente=23793 HTTP/1.1" 200 2 "-" "Mozilla/5.0 (Windows NT 10.0; Win64; x64; rv:144.0) Gecko/20100101 Firefox/144.0"
::ffff:127.0.0.1 - - [02/Oct/2025:11:01:15 +0000] "GET /api/consultaclientes/coin HTTP/1.1" 200 99 "-" "Mozilla/5.0 (Windows NT 10.0; Win64; x64; rv:144.0) Gecko/20100101 Firefox/144.0"
::ffff:127.0.0.1 - - [02/Oct/2025:11:01:19 +0000] "GET /api/consultasaldosctacte?codcliente=92 HTTP/1.1" 200 832 "-" "Mozilla/5.0 (Windows NT 10.0; Win64; x64; rv:144.0) Gecko/20100101 Firefox/144.0"
::ffff:127.0.0.1 - - [02/Oct/2025:11:02:45 +0000] "POST /login HTTP/1.1" 200 - "-" "Mozilla/5.0 (Windows NT 10.0; Win64; x64; rv:144.0) Gecko/20100101 Firefox/144.0"
::1 - - [02/Oct/2025:11:45:28 +0000] "GET /api/comprobantesaomitir HTTP/1.1" 200 322 "-" "axios/1.12.2"
::1 - - [02/Oct/2025:11:45:28 +0000] "GET /api/depositoanoconsiderarparastockfisico HTTP/1.1" 200 713 "-" "axios/1.12.2"
::1 - - [02/Oct/2025:11:45:28 +0000] "GET /api/deposanoconsiderar HTTP/1.1" 200 528 "-" "axios/1.12.2"
::1 - - [02/Oct/2025:11:45:28 +0000] "GET /api/filtroclientesplataforma HTTP/1.1" 200 193 "-" "axios/1.12.2"
::1 - - [02/Oct/2025:11:45:28 +0000] "GET /api/calescementosplasticor HTTP/1.1" 200 763 "-" "axios/1.12.2"
::1 - - [02/Oct/2025:11:45:28 +0000] "GET /api/remitosvtas HTTP/1.1" 200 - "-" "axios/1.12.2"
::1 - - [02/Oct/2025:11:45:28 +0000] "GET /api/filtroclientesplataforma HTTP/1.1" 200 193 "-" "axios/1.12.2"
::1 - - [02/Oct/2025:11:45:28 +0000] "GET /api/actualizacionweb HTTP/1.1" 200 196 "-" "axios/1.12.2"
::1 - - [02/Oct/2025:11:45:28 +0000] "GET /api/actualizacionweb HTTP/1.1" 200 196 "-" "axios/1.12.2"
::1 - - [02/Oct/2025:11:45:37 +0000] "GET /api/deposanoconsiderar HTTP/1.1" 200 528 "-" "axios/1.12.2"
::1 - - [02/Oct/2025:11:45:37 +0000] "GET /api/depositoanoconsiderarparastockfisico HTTP/1.1" 200 713 "-" "axios/1.12.2"
::1 - - [02/Oct/2025:11:45:37 +0000] "GET /api/comprobantesaomitir HTTP/1.1" 200 322 "-" "axios/1.12.2"
::1 - - [02/Oct/2025:11:45:37 +0000] "GET /api/calescementosplasticor HTTP/1.1" 200 763 "-" "axios/1.12.2"
::1 - - [02/Oct/2025:11:45:37 +0000] "GET /api/filtroclientesplataforma HTTP/1.1" 200 193 "-" "axios/1.12.2"
::1 - - [02/Oct/2025:11:45:37 +0000] "GET /api/remitosvtas HTTP/1.1" 200 - "-" "axios/1.12.2"
::1 - - [02/Oct/2025:11:45:37 +0000] "GET /api/filtroclientesplataforma HTTP/1.1" 200 193 "-" "axios/1.12.2"
::1 - - [02/Oct/2025:11:45:37 +0000] "GET /api/actualizacionweb HTTP/1.1" 200 196 "-" "axios/1.12.2"
::1 - - [02/Oct/2025:11:45:37 +0000] "GET /api/actualizacionweb HTTP/1.1" 200 196 "-" "axios/1.12.2"
::1 - - [02/Oct/2025:11:45:54 +0000] "GET /api/deposanoconsiderar HTTP/1.1" 200 528 "-" "axios/1.12.2"
::1 - - [02/Oct/2025:11:45:54 +0000] "GET /api/depositoanoconsiderarparastockfisico HTTP/1.1" 200 713 "-" "axios/1.12.2"
::1 - - [02/Oct/2025:11:45:54 +0000] "GET /api/remitosvtas HTTP/1.1" 200 - "-" "axios/1.12.2"
::1 - - [02/Oct/2025:11:45:54 +0000] "GET /api/comprobantesaomitir HTTP/1.1" 200 322 "-" "axios/1.12.2"
::1 - - [02/Oct/2025:11:45:54 +0000] "GET /api/filtroclientesplataforma HTTP/1.1" 200 193 "-" "axios/1.12.2"
::1 - - [02/Oct/2025:11:45:54 +0000] "GET /api/calescementosplasticor HTTP/1.1" 200 763 "-" "axios/1.12.2"
::1 - - [02/Oct/2025:11:45:54 +0000] "GET /api/filtroclientesplataforma HTTP/1.1" 200 193 "-" "axios/1.12.2"
::1 - - [02/Oct/2025:11:45:54 +0000] "GET /api/actualizacionweb HTTP/1.1" 200 196 "-" "axios/1.12.2"
::1 - - [02/Oct/2025:11:45:54 +0000] "GET /api/actualizacionweb HTTP/1.1" 200 196 "-" "axios/1.12.2"
::1 - - [02/Oct/2025:11:46:37 +0000] "GET /api/depositoanoconsiderarparastockfisico HTTP/1.1" 200 713 "-" "axios/1.12.2"
::1 - - [02/Oct/2025:11:46:37 +0000] "GET /api/deposanoconsiderar HTTP/1.1" 200 528 "-" "axios/1.12.2"
::1 - - [02/Oct/2025:11:46:37 +0000] "GET /api/filtroclientesplataforma HTTP/1.1" 200 193 "-" "axios/1.12.2"
::1 - - [02/Oct/2025:11:46:37 +0000] "GET /api/remitosvtas HTTP/1.1" 200 - "-" "axios/1.12.2"
::1 - - [02/Oct/2025:11:46:37 +0000] "GET /api/calescementosplasticor HTTP/1.1" 200 763 "-" "axios/1.12.2"
::1 - - [02/Oct/2025:11:46:37 +0000] "GET /api/comprobantesaomitir HTTP/1.1" 200 322 "-" "axios/1.12.2"
::1 - - [02/Oct/2025:11:46:37 +0000] "GET /api/actualizacionweb HTTP/1.1" 200 196 "-" "axios/1.12.2"
::1 - - [02/Oct/2025:11:46:37 +0000] "GET /api/filtroclientesplataforma HTTP/1.1" 200 193 "-" "axios/1.12.2"
::1 - - [02/Oct/2025:11:46:37 +0000] "GET /api/actualizacionweb HTTP/1.1" 200 196 "-" "axios/1.12.2"
::1 - - [02/Oct/2025:11:48:12 +0000] "GET /api/depositoanoconsiderarparastockfisico HTTP/1.1" 200 713 "-" "axios/1.12.2"
::1 - - [02/Oct/2025:11:48:12 +0000] "GET /api/comprobantesaomitir HTTP/1.1" 200 322 "-" "axios/1.12.2"
::1 - - [02/Oct/2025:11:48:12 +0000] "GET /api/remitosvtas HTTP/1.1" 200 - "-" "axios/1.12.2"
::1 - - [02/Oct/2025:11:48:12 +0000] "GET /api/deposanoconsiderar HTTP/1.1" 200 528 "-" "axios/1.12.2"
::1 - - [02/Oct/2025:11:48:12 +0000] "GET /api/calescementosplasticor HTTP/1.1" 200 763 "-" "axios/1.12.2"
::1 - - [02/Oct/2025:11:48:12 +0000] "GET /api/filtroclientesplataforma HTTP/1.1" 200 193 "-" "axios/1.12.2"
::1 - - [02/Oct/2025:11:48:12 +0000] "GET /api/filtroclientesplataforma HTTP/1.1" 200 193 "-" "axios/1.12.2"
::1 - - [02/Oct/2025:11:48:12 +0000] "GET /api/actualizacionweb HTTP/1.1" 200 196 "-" "axios/1.12.2"
::1 - - [02/Oct/2025:11:48:12 +0000] "GET /api/actualizacionweb HTTP/1.1" 200 196 "-" "axios/1.12.2"
::1 - - [02/Oct/2025:11:48:44 +0000] "GET /api/depositoanoconsiderarparastockfisico HTTP/1.1" 200 713 "-" "axios/1.12.2"
::1 - - [02/Oct/2025:11:48:44 +0000] "GET /api/remitosvtas HTTP/1.1" 200 - "-" "axios/1.12.2"
::1 - - [02/Oct/2025:11:48:44 +0000] "GET /api/deposanoconsiderar HTTP/1.1" 200 528 "-" "axios/1.12.2"
::1 - - [02/Oct/2025:11:48:44 +0000] "GET /api/comprobantesaomitir HTTP/1.1" 200 322 "-" "axios/1.12.2"
::1 - - [02/Oct/2025:11:48:44 +0000] "GET /api/calescementosplasticor HTTP/1.1" 200 763 "-" "axios/1.12.2"
::1 - - [02/Oct/2025:11:48:44 +0000] "GET /api/filtroclientesplataforma HTTP/1.1" 200 193 "-" "axios/1.12.2"
::1 - - [02/Oct/2025:11:48:44 +0000] "GET /api/filtroclientesplataforma HTTP/1.1" 200 193 "-" "axios/1.12.2"
::1 - - [02/Oct/2025:11:48:44 +0000] "GET /api/actualizacionweb HTTP/1.1" 200 196 "-" "axios/1.12.2"
::1 - - [02/Oct/2025:11:48:44 +0000] "GET /api/actualizacionweb HTTP/1.1" 200 196 "-" "axios/1.12.2"
::1 - - [02/Oct/2025:11:49:30 +0000] "GET /api/depositoanoconsiderarparastockfisico HTTP/1.1" 200 713 "-" "axios/1.12.2"
::1 - - [02/Oct/2025:11:49:30 +0000] "GET /api/remitosvtas HTTP/1.1" 200 - "-" "axios/1.12.2"
::1 - - [02/Oct/2025:11:49:30 +0000] "GET /api/deposanoconsiderar HTTP/1.1" 200 528 "-" "axios/1.12.2"
::1 - - [02/Oct/2025:11:49:30 +0000] "GET /api/comprobantesaomitir HTTP/1.1" 200 322 "-" "axios/1.12.2"
::1 - - [02/Oct/2025:11:49:30 +0000] "GET /api/calescementosplasticor HTTP/1.1" 200 763 "-" "axios/1.12.2"
::1 - - [02/Oct/2025:11:49:30 +0000] "GET /api/filtroclientesplataforma HTTP/1.1" 200 193 "-" "axios/1.12.2"
::1 - - [02/Oct/2025:11:49:30 +0000] "GET /api/filtroclientesplataforma HTTP/1.1" 200 193 "-" "axios/1.12.2"
::1 - - [02/Oct/2025:11:49:30 +0000] "GET /api/actualizacionweb HTTP/1.1" 200 196 "-" "axios/1.12.2"
::1 - - [02/Oct/2025:11:49:31 +0000] "GET /api/actualizacionweb HTTP/1.1" 200 196 "-" "axios/1.12.2"
::1 - - [02/Oct/2025:11:49:42 +0000] "GET /api/depositoanoconsiderarparastockfisico HTTP/1.1" 200 713 "-" "axios/1.12.2"
::1 - - [02/Oct/2025:11:49:42 +0000] "GET /api/comprobantesaomitir HTTP/1.1" 200 322 "-" "axios/1.12.2"
::1 - - [02/Oct/2025:11:49:42 +0000] "GET /api/deposanoconsiderar HTTP/1.1" 200 528 "-" "axios/1.12.2"
::1 - - [02/Oct/2025:11:49:43 +0000] "GET /api/filtroclientesplataforma HTTP/1.1" 200 193 "-" "axios/1.12.2"
::1 - - [02/Oct/2025:11:49:43 +0000] "GET /api/calescementosplasticor HTTP/1.1" 200 763 "-" "axios/1.12.2"
::1 - - [02/Oct/2025:11:49:43 +0000] "GET /api/remitosvtas HTTP/1.1" 200 - "-" "axios/1.12.2"
::1 - - [02/Oct/2025:11:49:43 +0000] "GET /api/filtroclientesplataforma HTTP/1.1" 200 193 "-" "axios/1.12.2"
::1 - - [02/Oct/2025:11:49:43 +0000] "GET /api/actualizacionweb HTTP/1.1" 200 196 "-" "axios/1.12.2"
::1 - - [02/Oct/2025:11:49:43 +0000] "GET /api/actualizacionweb HTTP/1.1" 200 196 "-" "axios/1.12.2"
::1 - - [02/Oct/2025:11:50:03 +0000] "GET /api/depositoanoconsiderarparastockfisico HTTP/1.1" 200 713 "-" "axios/1.12.2"
::1 - - [02/Oct/2025:11:50:03 +0000] "GET /api/comprobantesaomitir HTTP/1.1" 200 322 "-" "axios/1.12.2"
::1 - - [02/Oct/2025:11:50:03 +0000] "GET /api/deposanoconsiderar HTTP/1.1" 200 528 "-" "axios/1.12.2"
::1 - - [02/Oct/2025:11:50:03 +0000] "GET /api/calescementosplasticor HTTP/1.1" 200 763 "-" "axios/1.12.2"
::1 - - [02/Oct/2025:11:50:03 +0000] "GET /api/remitosvtas HTTP/1.1" 200 - "-" "axios/1.12.2"
::1 - - [02/Oct/2025:11:50:03 +0000] "GET /api/filtroclientesplataforma HTTP/1.1" 200 193 "-" "axios/1.12.2"
::1 - - [02/Oct/2025:11:50:03 +0000] "GET /api/filtroclientesplataforma HTTP/1.1" 200 193 "-" "axios/1.12.2"
::1 - - [02/Oct/2025:11:50:03 +0000] "GET /api/actualizacionweb HTTP/1.1" 200 196 "-" "axios/1.12.2"
::1 - - [02/Oct/2025:11:50:03 +0000] "GET /api/actualizacionweb HTTP/1.1" 200 196 "-" "axios/1.12.2"
::1 - - [02/Oct/2025:11:50:12 +0000] "GET /api/depositoanoconsiderarparastockfisico HTTP/1.1" 200 713 "-" "axios/1.12.2"
::1 - - [02/Oct/2025:11:50:12 +0000] "GET /api/deposanoconsiderar HTTP/1.1" 200 528 "-" "axios/1.12.2"
::1 - - [02/Oct/2025:11:50:12 +0000] "GET /api/remitosvtas HTTP/1.1" 200 - "-" "axios/1.12.2"
::1 - - [02/Oct/2025:11:50:12 +0000] "GET /api/comprobantesaomitir HTTP/1.1" 200 322 "-" "axios/1.12.2"
::1 - - [02/Oct/2025:11:50:12 +0000] "GET /api/calescementosplasticor HTTP/1.1" 200 763 "-" "axios/1.12.2"
::1 - - [02/Oct/2025:11:50:12 +0000] "GET /api/filtroclientesplataforma HTTP/1.1" 200 193 "-" "axios/1.12.2"
::1 - - [02/Oct/2025:11:50:12 +0000] "GET /api/filtroclientesplataforma HTTP/1.1" 200 193 "-" "axios/1.12.2"
::1 - - [02/Oct/2025:11:50:12 +0000] "GET /api/actualizacionweb HTTP/1.1" 200 196 "-" "axios/1.12.2"
::1 - - [02/Oct/2025:11:50:13 +0000] "GET /api/actualizacionweb HTTP/1.1" 200 196 "-" "axios/1.12.2"
::1 - - [02/Oct/2025:11:50:19 +0000] "GET /api/depositoanoconsiderarparastockfisico HTTP/1.1" 200 713 "-" "axios/1.12.2"
::1 - - [02/Oct/2025:11:50:19 +0000] "GET /api/deposanoconsiderar HTTP/1.1" 200 528 "-" "axios/1.12.2"
::1 - - [02/Oct/2025:11:50:19 +0000] "GET /api/comprobantesaomitir HTTP/1.1" 200 322 "-" "axios/1.12.2"
::1 - - [02/Oct/2025:11:50:19 +0000] "GET /api/calescementosplasticor HTTP/1.1" 200 763 "-" "axios/1.12.2"
::1 - - [02/Oct/2025:11:50:19 +0000] "GET /api/remitosvtas HTTP/1.1" 200 - "-" "axios/1.12.2"
::1 - - [02/Oct/2025:11:50:19 +0000] "GET /api/filtroclientesplataforma HTTP/1.1" 200 193 "-" "axios/1.12.2"
::1 - - [02/Oct/2025:11:50:19 +0000] "GET /api/filtroclientesplataforma HTTP/1.1" 200 193 "-" "axios/1.12.2"
::1 - - [02/Oct/2025:11:50:19 +0000] "GET /api/actualizacionweb HTTP/1.1" 200 196 "-" "axios/1.12.2"
::1 - - [02/Oct/2025:11:50:19 +0000] "GET /api/actualizacionweb HTTP/1.1" 200 196 "-" "axios/1.12.2"
::1 - - [02/Oct/2025:11:50:25 +0000] "GET /api/deposanoconsiderar HTTP/1.1" 200 528 "-" "axios/1.12.2"
::1 - - [02/Oct/2025:11:50:25 +0000] "GET /api/depositoanoconsiderarparastockfisico HTTP/1.1" 200 713 "-" "axios/1.12.2"
::1 - - [02/Oct/2025:11:50:25 +0000] "GET /api/comprobantesaomitir HTTP/1.1" 200 322 "-" "axios/1.12.2"
::1 - - [02/Oct/2025:11:50:25 +0000] "GET /api/filtroclientesplataforma HTTP/1.1" 200 193 "-" "axios/1.12.2"
::1 - - [02/Oct/2025:11:50:25 +0000] "GET /api/remitosvtas HTTP/1.1" 200 - "-" "axios/1.12.2"
::1 - - [02/Oct/2025:11:50:25 +0000] "GET /api/calescementosplasticor HTTP/1.1" 200 763 "-" "axios/1.12.2"
::1 - - [02/Oct/2025:11:50:25 +0000] "GET /api/filtroclientesplataforma HTTP/1.1" 200 193 "-" "axios/1.12.2"
::1 - - [02/Oct/2025:11:50:25 +0000] "GET /api/actualizacionweb HTTP/1.1" 200 196 "-" "axios/1.12.2"
::1 - - [02/Oct/2025:11:50:25 +0000] "GET /api/actualizacionweb HTTP/1.1" 200 196 "-" "axios/1.12.2"
::1 - - [02/Oct/2025:11:51:56 +0000] "GET /api/deposanoconsiderar HTTP/1.1" 200 528 "-" "axios/1.12.2"
::1 - - [02/Oct/2025:11:51:56 +0000] "GET /api/depositoanoconsiderarparastockfisico HTTP/1.1" 200 713 "-" "axios/1.12.2"
::1 - - [02/Oct/2025:11:51:56 +0000] "GET /api/comprobantesaomitir HTTP/1.1" 200 322 "-" "axios/1.12.2"
::1 - - [02/Oct/2025:11:51:56 +0000] "GET /api/remitosvtas HTTP/1.1" 200 - "-" "axios/1.12.2"
::1 - - [02/Oct/2025:11:51:56 +0000] "GET /api/calescementosplasticor HTTP/1.1" 200 763 "-" "axios/1.12.2"
::1 - - [02/Oct/2025:11:51:56 +0000] "GET /api/filtroclientesplataforma HTTP/1.1" 200 193 "-" "axios/1.12.2"
::1 - - [02/Oct/2025:11:51:56 +0000] "GET /api/filtroclientesplataforma HTTP/1.1" 200 193 "-" "axios/1.12.2"
::1 - - [02/Oct/2025:11:51:56 +0000] "GET /api/actualizacionweb HTTP/1.1" 200 196 "-" "axios/1.12.2"
::1 - - [02/Oct/2025:11:51:56 +0000] "GET /api/actualizacionweb HTTP/1.1" 200 196 "-" "axios/1.12.2"
::1 - - [02/Oct/2025:11:54:53 +0000] "GET /api/deposanoconsiderar HTTP/1.1" 200 528 "-" "axios/1.12.2"
::1 - - [02/Oct/2025:11:54:53 +0000] "GET /api/comprobantesaomitir HTTP/1.1" 200 322 "-" "axios/1.12.2"
::1 - - [02/Oct/2025:11:54:53 +0000] "GET /api/depositoanoconsiderarparastockfisico HTTP/1.1" 200 713 "-" "axios/1.12.2"
::1 - - [02/Oct/2025:11:54:53 +0000] "GET /api/remitosvtas HTTP/1.1" 200 - "-" "axios/1.12.2"
::1 - - [02/Oct/2025:11:54:53 +0000] "GET /api/calescementosplasticor HTTP/1.1" 200 763 "-" "axios/1.12.2"
::1 - - [02/Oct/2025:11:54:53 +0000] "GET /api/filtroclientesplataforma HTTP/1.1" 200 193 "-" "axios/1.12.2"
::1 - - [02/Oct/2025:11:54:53 +0000] "GET /api/filtroclientesplataforma HTTP/1.1" 200 193 "-" "axios/1.12.2"
::1 - - [02/Oct/2025:11:54:53 +0000] "GET /api/actualizacionweb HTTP/1.1" 200 196 "-" "axios/1.12.2"
::1 - - [02/Oct/2025:11:54:53 +0000] "GET /api/actualizacionweb HTTP/1.1" 200 196 "-" "axios/1.12.2"
::1 - - [02/Oct/2025:11:55:38 +0000] "GET /api/depositoanoconsiderarparastockfisico HTTP/1.1" 200 713 "-" "axios/1.12.2"
::1 - - [02/Oct/2025:11:55:38 +0000] "GET /api/deposanoconsiderar HTTP/1.1" 200 528 "-" "axios/1.12.2"
::1 - - [02/Oct/2025:11:55:38 +0000] "GET /api/comprobantesaomitir HTTP/1.1" 200 322 "-" "axios/1.12.2"
::1 - - [02/Oct/2025:11:55:38 +0000] "GET /api/calescementosplasticor HTTP/1.1" 200 763 "-" "axios/1.12.2"
::1 - - [02/Oct/2025:11:55:38 +0000] "GET /api/remitosvtas HTTP/1.1" 200 - "-" "axios/1.12.2"
::1 - - [02/Oct/2025:11:55:38 +0000] "GET /api/filtroclientesplataforma HTTP/1.1" 200 193 "-" "axios/1.12.2"
::1 - - [02/Oct/2025:11:55:38 +0000] "GET /api/filtroclientesplataforma HTTP/1.1" 200 193 "-" "axios/1.12.2"
::1 - - [02/Oct/2025:11:55:38 +0000] "GET /api/actualizacionweb HTTP/1.1" 200 196 "-" "axios/1.12.2"
::1 - - [02/Oct/2025:11:55:38 +0000] "GET /api/actualizacionweb HTTP/1.1" 200 196 "-" "axios/1.12.2"
::1 - - [02/Oct/2025:11:56:52 +0000] "GET /api/depositoanoconsiderarparastockfisico HTTP/1.1" 200 713 "-" "axios/1.12.2"
::1 - - [02/Oct/2025:11:56:52 +0000] "GET /api/deposanoconsiderar HTTP/1.1" 200 528 "-" "axios/1.12.2"
::1 - - [02/Oct/2025:11:56:52 +0000] "GET /api/comprobantesaomitir HTTP/1.1" 200 322 "-" "axios/1.12.2"
::1 - - [02/Oct/2025:11:56:52 +0000] "GET /api/remitosvtas HTTP/1.1" 200 - "-" "axios/1.12.2"
::1 - - [02/Oct/2025:11:56:52 +0000] "GET /api/filtroclientesplataforma HTTP/1.1" 200 193 "-" "axios/1.12.2"
::1 - - [02/Oct/2025:11:56:52 +0000] "GET /api/calescementosplasticor HTTP/1.1" 200 763 "-" "axios/1.12.2"
::1 - - [02/Oct/2025:11:56:52 +0000] "GET /api/filtroclientesplataforma HTTP/1.1" 200 193 "-" "axios/1.12.2"
::1 - - [02/Oct/2025:11:56:52 +0000] "GET /api/actualizacionweb HTTP/1.1" 200 196 "-" "axios/1.12.2"
::1 - - [02/Oct/2025:11:56:52 +0000] "GET /api/actualizacionweb HTTP/1.1" 200 196 "-" "axios/1.12.2"
::1 - - [02/Oct/2025:11:57:19 +0000] "GET /api/depositoanoconsiderarparastockfisico HTTP/1.1" 200 713 "-" "axios/1.12.2"
::1 - - [02/Oct/2025:11:57:19 +0000] "GET /api/deposanoconsiderar HTTP/1.1" 200 528 "-" "axios/1.12.2"
::1 - - [02/Oct/2025:11:57:19 +0000] "GET /api/comprobantesaomitir HTTP/1.1" 200 322 "-" "axios/1.12.2"
::1 - - [02/Oct/2025:11:57:19 +0000] "GET /api/filtroclientesplataforma HTTP/1.1" 200 193 "-" "axios/1.12.2"
::1 - - [02/Oct/2025:11:57:19 +0000] "GET /api/remitosvtas HTTP/1.1" 200 - "-" "axios/1.12.2"
::1 - - [02/Oct/2025:11:57:19 +0000] "GET /api/calescementosplasticor HTTP/1.1" 200 763 "-" "axios/1.12.2"
::1 - - [02/Oct/2025:11:57:19 +0000] "GET /api/filtroclientesplataforma HTTP/1.1" 200 193 "-" "axios/1.12.2"
::1 - - [02/Oct/2025:11:57:19 +0000] "GET /api/actualizacionweb HTTP/1.1" 200 196 "-" "axios/1.12.2"
::1 - - [02/Oct/2025:11:57:20 +0000] "GET /api/actualizacionweb HTTP/1.1" 200 196 "-" "axios/1.12.2"
::1 - - [02/Oct/2025:11:57:56 +0000] "GET /api/depositoanoconsiderarparastockfisico HTTP/1.1" 200 713 "-" "axios/1.12.2"
::1 - - [02/Oct/2025:11:57:56 +0000] "GET /api/deposanoconsiderar HTTP/1.1" 200 528 "-" "axios/1.12.2"
::1 - - [02/Oct/2025:11:57:56 +0000] "GET /api/comprobantesaomitir HTTP/1.1" 200 322 "-" "axios/1.12.2"
::1 - - [02/Oct/2025:11:57:56 +0000] "GET /api/remitosvtas HTTP/1.1" 200 - "-" "axios/1.12.2"
::1 - - [02/Oct/2025:11:57:56 +0000] "GET /api/calescementosplasticor HTTP/1.1" 200 763 "-" "axios/1.12.2"
::1 - - [02/Oct/2025:11:57:56 +0000] "GET /api/filtroclientesplataforma HTTP/1.1" 200 193 "-" "axios/1.12.2"
::1 - - [02/Oct/2025:11:57:56 +0000] "GET /api/filtroclientesplataforma HTTP/1.1" 200 193 "-" "axios/1.12.2"
::1 - - [02/Oct/2025:11:57:56 +0000] "GET /api/actualizacionweb HTTP/1.1" 200 196 "-" "axios/1.12.2"
::1 - - [02/Oct/2025:11:57:57 +0000] "GET /api/actualizacionweb HTTP/1.1" 200 196 "-" "axios/1.12.2"
::1 - - [02/Oct/2025:11:58:14 +0000] "GET /api/deposanoconsiderar HTTP/1.1" 200 528 "-" "axios/1.12.2"
::1 - - [02/Oct/2025:11:58:14 +0000] "GET /api/depositoanoconsiderarparastockfisico HTTP/1.1" 200 713 "-" "axios/1.12.2"
::1 - - [02/Oct/2025:11:58:14 +0000] "GET /api/comprobantesaomitir HTTP/1.1" 200 322 "-" "axios/1.12.2"
::1 - - [02/Oct/2025:11:58:14 +0000] "GET /api/remitosvtas HTTP/1.1" 200 - "-" "axios/1.12.2"
::1 - - [02/Oct/2025:11:58:14 +0000] "GET /api/filtroclientesplataforma HTTP/1.1" 200 193 "-" "axios/1.12.2"
::1 - - [02/Oct/2025:11:58:14 +0000] "GET /api/calescementosplasticor HTTP/1.1" 200 763 "-" "axios/1.12.2"
::1 - - [02/Oct/2025:11:58:14 +0000] "GET /api/actualizacionweb HTTP/1.1" 200 196 "-" "axios/1.12.2"
::1 - - [02/Oct/2025:11:58:14 +0000] "GET /api/actualizacionweb HTTP/1.1" 200 196 "-" "axios/1.12.2"
::1 - - [02/Oct/2025:11:58:14 +0000] "GET /api/filtroclientesplataforma HTTP/1.1" 200 193 "-" "axios/1.12.2"
::1 - - [02/Oct/2025:13:03:27 +0000] "GET /api/depositoanoconsiderarparastockfisico HTTP/1.1" 200 713 "-" "axios/1.12.2"
::1 - - [02/Oct/2025:13:03:27 +0000] "GET /api/comprobantesaomitir HTTP/1.1" 200 322 "-" "axios/1.12.2"
::1 - - [02/Oct/2025:13:03:27 +0000] "GET /api/deposanoconsiderar HTTP/1.1" 200 528 "-" "axios/1.12.2"
::1 - - [02/Oct/2025:13:03:27 +0000] "GET /api/remitosvtas HTTP/1.1" 200 - "-" "axios/1.12.2"
::1 - - [02/Oct/2025:13:03:27 +0000] "GET /api/calescementosplasticor HTTP/1.1" 200 763 "-" "axios/1.12.2"
::1 - - [02/Oct/2025:13:03:27 +0000] "GET /api/filtroclientesplataforma HTTP/1.1" 200 193 "-" "axios/1.12.2"
::1 - - [02/Oct/2025:13:03:27 +0000] "GET /api/filtroclientesplataforma HTTP/1.1" 200 193 "-" "axios/1.12.2"
::1 - - [02/Oct/2025:13:03:27 +0000] "GET /api/actualizacionweb HTTP/1.1" 200 196 "-" "axios/1.12.2"
::1 - - [02/Oct/2025:13:03:27 +0000] "GET /api/actualizacionweb HTTP/1.1" 200 196 "-" "axios/1.12.2"
::1 - - [02/Oct/2025:13:04:02 +0000] "GET /api/deposanoconsiderar HTTP/1.1" 200 528 "-" "axios/1.12.2"
::1 - - [02/Oct/2025:13:04:02 +0000] "GET /api/depositoanoconsiderarparastockfisico HTTP/1.1" 200 713 "-" "axios/1.12.2"
::1 - - [02/Oct/2025:13:04:02 +0000] "GET /api/comprobantesaomitir HTTP/1.1" 200 322 "-" "axios/1.12.2"
::1 - - [02/Oct/2025:13:04:02 +0000] "GET /api/remitosvtas HTTP/1.1" 200 - "-" "axios/1.12.2"
::1 - - [02/Oct/2025:13:04:02 +0000] "GET /api/calescementosplasticor HTTP/1.1" 200 763 "-" "axios/1.12.2"
::1 - - [02/Oct/2025:13:04:02 +0000] "GET /api/filtroclientesplataforma HTTP/1.1" 200 193 "-" "axios/1.12.2"
::1 - - [02/Oct/2025:13:04:02 +0000] "GET /api/filtroclientesplataforma HTTP/1.1" 200 193 "-" "axios/1.12.2"
::1 - - [02/Oct/2025:13:04:02 +0000] "GET /api/actualizacionweb HTTP/1.1" 200 196 "-" "axios/1.12.2"
::1 - - [02/Oct/2025:13:04:02 +0000] "GET /api/actualizacionweb HTTP/1.1" 200 196 "-" "axios/1.12.2"
::1 - - [02/Oct/2025:13:04:33 +0000] "GET /api/depositoanoconsiderarparastockfisico HTTP/1.1" 200 713 "-" "axios/1.12.2"
::1 - - [02/Oct/2025:13:04:33 +0000] "GET /api/deposanoconsiderar HTTP/1.1" 200 528 "-" "axios/1.12.2"
::1 - - [02/Oct/2025:13:04:33 +0000] "GET /api/remitosvtas HTTP/1.1" 200 - "-" "axios/1.12.2"
::1 - - [02/Oct/2025:13:04:33 +0000] "GET /api/calescementosplasticor HTTP/1.1" 200 763 "-" "axios/1.12.2"
::1 - - [02/Oct/2025:13:04:33 +0000] "GET /api/comprobantesaomitir HTTP/1.1" 200 322 "-" "axios/1.12.2"
::1 - - [02/Oct/2025:13:04:33 +0000] "GET /api/actualizacionweb HTTP/1.1" 200 196 "-" "axios/1.12.2"
::1 - - [02/Oct/2025:13:04:33 +0000] "GET /api/filtroclientesplataforma HTTP/1.1" 200 193 "-" "axios/1.12.2"
::1 - - [02/Oct/2025:13:04:33 +0000] "GET /api/actualizacionweb HTTP/1.1" 200 196 "-" "axios/1.12.2"
::1 - - [02/Oct/2025:13:04:33 +0000] "GET /api/filtroclientesplataforma HTTP/1.1" 200 193 "-" "axios/1.12.2"
::1 - - [02/Oct/2025:13:05:31 +0000] "GET /api/depositoanoconsiderarparastockfisico HTTP/1.1" 200 713 "-" "axios/1.12.2"
::1 - - [02/Oct/2025:13:05:31 +0000] "GET /api/deposanoconsiderar HTTP/1.1" 200 528 "-" "axios/1.12.2"
::1 - - [02/Oct/2025:13:05:31 +0000] "GET /api/calescementosplasticor HTTP/1.1" 200 763 "-" "axios/1.12.2"
::1 - - [02/Oct/2025:13:05:31 +0000] "GET /api/comprobantesaomitir HTTP/1.1" 200 322 "-" "axios/1.12.2"
::1 - - [02/Oct/2025:13:05:31 +0000] "GET /api/remitosvtas HTTP/1.1" 200 - "-" "axios/1.12.2"
::1 - - [02/Oct/2025:13:05:31 +0000] "GET /api/filtroclientesplataforma HTTP/1.1" 200 193 "-" "axios/1.12.2"
::1 - - [02/Oct/2025:13:05:31 +0000] "GET /api/filtroclientesplataforma HTTP/1.1" 200 193 "-" "axios/1.12.2"
::1 - - [02/Oct/2025:13:05:31 +0000] "GET /api/actualizacionweb HTTP/1.1" 200 196 "-" "axios/1.12.2"
::1 - - [02/Oct/2025:13:05:31 +0000] "GET /api/actualizacionweb HTTP/1.1" 200 196 "-" "axios/1.12.2"
::1 - - [02/Oct/2025:13:06:28 +0000] "GET /api/depositoanoconsiderarparastockfisico HTTP/1.1" 200 713 "-" "axios/1.12.2"
::1 - - [02/Oct/2025:13:06:28 +0000] "GET /api/deposanoconsiderar HTTP/1.1" 200 528 "-" "axios/1.12.2"
::1 - - [02/Oct/2025:13:06:28 +0000] "GET /api/comprobantesaomitir HTTP/1.1" 200 322 "-" "axios/1.12.2"
::1 - - [02/Oct/2025:13:06:28 +0000] "GET /api/remitosvtas HTTP/1.1" 200 - "-" "axios/1.12.2"
::1 - - [02/Oct/2025:13:06:28 +0000] "GET /api/calescementosplasticor HTTP/1.1" 200 763 "-" "axios/1.12.2"
::1 - - [02/Oct/2025:13:06:28 +0000] "GET /api/filtroclientesplataforma HTTP/1.1" 200 193 "-" "axios/1.12.2"
::1 - - [02/Oct/2025:13:06:28 +0000] "GET /api/filtroclientesplataforma HTTP/1.1" 200 193 "-" "axios/1.12.2"
::1 - - [02/Oct/2025:13:06:28 +0000] "GET /api/actualizacionweb HTTP/1.1" 200 196 "-" "axios/1.12.2"
::1 - - [02/Oct/2025:13:06:28 +0000] "GET /api/actualizacionweb HTTP/1.1" 200 196 "-" "axios/1.12.2"
::1 - - [02/Oct/2025:13:08:07 +0000] "GET /api/remitosvtas HTTP/1.1" 200 - "-" "axios/1.12.2"
::1 - - [02/Oct/2025:13:08:07 +0000] "GET /api/deposanoconsiderar HTTP/1.1" 200 528 "-" "axios/1.12.2"
::1 - - [02/Oct/2025:13:08:07 +0000] "GET /api/depositoanoconsiderarparastockfisico HTTP/1.1" 200 713 "-" "axios/1.12.2"
::1 - - [02/Oct/2025:13:08:07 +0000] "GET /api/filtroclientesplataforma HTTP/1.1" 200 193 "-" "axios/1.12.2"
::1 - - [02/Oct/2025:13:08:07 +0000] "GET /api/calescementosplasticor HTTP/1.1" 200 763 "-" "axios/1.12.2"
::1 - - [02/Oct/2025:13:08:07 +0000] "GET /api/comprobantesaomitir HTTP/1.1" 200 322 "-" "axios/1.12.2"
::1 - - [02/Oct/2025:13:08:07 +0000] "GET /api/filtroclientesplataforma HTTP/1.1" 200 193 "-" "axios/1.12.2"
::1 - - [02/Oct/2025:13:08:07 +0000] "GET /api/actualizacionweb HTTP/1.1" 200 196 "-" "axios/1.12.2"
::1 - - [02/Oct/2025:13:08:07 +0000] "GET /api/actualizacionweb HTTP/1.1" 200 196 "-" "axios/1.12.2"
::ffff:127.0.0.1 - - [02/Oct/2025:13:08:35 +0000] "OPTIONS /api/gdd/clientesdistribuciones HTTP/1.1" 204 0 "http://localhost:8080/" "Mozilla/5.0 (Windows NT 10.0; Win64; x64; rv:144.0) Gecko/20100101 Firefox/144.0"
::ffff:127.0.0.1 - - [02/Oct/2025:13:08:35 +0000] "OPTIONS /api/rubrosventas HTTP/1.1" 204 0 "http://localhost:8080/" "Mozilla/5.0 (Windows NT 10.0; Win64; x64; rv:144.0) Gecko/20100101 Firefox/144.0"
::ffff:127.0.0.1 - - [02/Oct/2025:13:08:35 +0000] "OPTIONS /api/clasificadorclientes HTTP/1.1" 204 0 "http://localhost:8080/" "Mozilla/5.0 (Windows NT 10.0; Win64; x64; rv:144.0) Gecko/20100101 Firefox/144.0"
::ffff:127.0.0.1 - - [02/Oct/2025:13:08:35 +0000] "GET /api/clasificadorclientes HTTP/1.1" 304 - "http://localhost:8080/" "Mozilla/5.0 (Windows NT 10.0; Win64; x64; rv:144.0) Gecko/20100101 Firefox/144.0"
::ffff:127.0.0.1 - - [02/Oct/2025:13:08:35 +0000] "GET /api/gdd/clientesdistribuciones HTTP/1.1" 304 - "http://localhost:8080/" "Mozilla/5.0 (Windows NT 10.0; Win64; x64; rv:144.0) Gecko/20100101 Firefox/144.0"
::ffff:127.0.0.1 - - [02/Oct/2025:13:08:35 +0000] "GET /api/rubrosventas HTTP/1.1" 304 - "http://localhost:8080/" "Mozilla/5.0 (Windows NT 10.0; Win64; x64; rv:144.0) Gecko/20100101 Firefox/144.0"
::ffff:127.0.0.1 - - [02/Oct/2025:13:08:43 +0000] "OPTIONS /api/cpagrubc HTTP/1.1" 204 0 "http://localhost:8080/" "Mozilla/5.0 (Windows NT 10.0; Win64; x64; rv:144.0) Gecko/20100101 Firefox/144.0"
::ffff:127.0.0.1 - - [02/Oct/2025:13:08:43 +0000] "GET /api/cpagrubc HTTP/1.1" 304 - "http://localhost:8080/" "Mozilla/5.0 (Windows NT 10.0; Win64; x64; rv:144.0) Gecko/20100101 Firefox/144.0"
::ffff:127.0.0.1 - - [02/Oct/2025:13:08:45 +0000] "GET /api/cpagrubc HTTP/1.1" 304 - "http://localhost:8080/" "Mozilla/5.0 (Windows NT 10.0; Win64; x64; rv:144.0) Gecko/20100101 Firefox/144.0"
::ffff:127.0.0.1 - - [02/Oct/2025:13:08:49 +0000] "OPTIONS /api/gdc/itemreclamadosalproveedor HTTP/1.1" 204 0 "http://localhost:8080/" "Mozilla/5.0 (Windows NT 10.0; Win64; x64; rv:144.0) Gecko/20100101 Firefox/144.0"
::ffff:127.0.0.1 - - [02/Oct/2025:13:08:49 +0000] "OPTIONS /api/gdc/itemsvinculadosaoc HTTP/1.1" 204 0 "http://localhost:8080/" "Mozilla/5.0 (Windows NT 10.0; Win64; x64; rv:144.0) Gecko/20100101 Firefox/144.0"
::ffff:127.0.0.1 - - [02/Oct/2025:13:08:49 +0000] "OPTIONS /api/gdc/infodeartquesecomprancorrientemente?cantdiasatrasparaevaluarsm4=90&diashaciaatrasfechadeNP=365&comprador=EGE&rubros= HTTP/1.1" 204 0 "http://localhost:8080/" "Mozilla/5.0 (Windows NT 10.0; Win64; x64; rv:144.0) Gecko/20100101 Firefox/144.0"
::1 - - [02/Oct/2025:13:08:49 +0000] "GET /api/gdc/modosdestockminimo HTTP/1.1" 200 311 "-" "axios/1.12.2"
::1 - - [02/Oct/2025:13:08:50 +0000] "GET /api/gdc/clasif8artquesecompran HTTP/1.1" 200 - "-" "axios/1.12.2"
::1 - - [02/Oct/2025:13:08:50 +0000] "GET /api/gdc/clasif8artquesecompran HTTP/1.1" 200 - "-" "axios/1.12.2"
::1 - - [02/Oct/2025:13:08:50 +0000] "GET /api/gdc/deposanoconsiderarparastock HTTP/1.1" 200 380 "-" "axios/1.12.2"
::1 - - [02/Oct/2025:13:08:50 +0000] "GET /api/gdc/npstockcomprometido HTTP/1.1" 200 232 "-" "axios/1.12.2"
::1 - - [02/Oct/2025:13:08:50 +0000] "GET /api/gdc/chapastiposqueladefinen HTTP/1.1" 200 136 "-" "axios/1.12.2"
::1 - - [02/Oct/2025:13:08:50 +0000] "GET /api/gdc/remitosdeventas HTTP/1.1" 200 - "-" "axios/1.12.2"
::ffff:127.0.0.1 - - [02/Oct/2025:13:08:50 +0000] "GET /api/gdc/itemreclamadosalproveedor HTTP/1.1" 200 232 "http://localhost:8080/" "Mozilla/5.0 (Windows NT 10.0; Win64; x64; rv:144.0) Gecko/20100101 Firefox/144.0"
::ffff:127.0.0.1 - - [02/Oct/2025:13:08:50 +0000] "GET /api/gdc/itemsvinculadosaoc HTTP/1.1" 200 - "http://localhost:8080/" "Mozilla/5.0 (Windows NT 10.0; Win64; x64; rv:144.0) Gecko/20100101 Firefox/144.0"
::ffff:127.0.0.1 - - [02/Oct/2025:13:10:52 +0000] "GET /api/gdc/infodeartquesecomprancorrientemente?cantdiasatrasparaevaluarsm4=90&diashaciaatrasfechadeNP=365&comprador=EGE&rubros= HTTP/1.1" 200 - "http://localhost:8080/" "Mozilla/5.0 (Windows NT 10.0; Win64; x64; rv:144.0) Gecko/20100101 Firefox/144.0"
::ffff:127.0.0.1 - - [02/Oct/2025:13:14:29 +0000] "OPTIONS /api/cpagrubc HTTP/1.1" 204 0 "http://localhost:8080/" "Mozilla/5.0 (Windows NT 10.0; Win64; x64; rv:144.0) Gecko/20100101 Firefox/144.0"
::ffff:127.0.0.1 - - [02/Oct/2025:13:14:29 +0000] "GET /api/cpagrubc HTTP/1.1" 304 - "http://localhost:8080/" "Mozilla/5.0 (Windows NT 10.0; Win64; x64; rv:144.0) Gecko/20100101 Firefox/144.0"
::ffff:127.0.0.1 - - [02/Oct/2025:13:14:41 +0000] "OPTIONS /api/cpagrubc HTTP/1.1" 204 0 "http://localhost:8080/" "Mozilla/5.0 (Windows NT 10.0; Win64; x64; rv:144.0) Gecko/20100101 Firefox/144.0"
::ffff:127.0.0.1 - - [02/Oct/2025:13:14:42 +0000] "GET /api/cpagrubc HTTP/1.1" 304 - "http://localhost:8080/" "Mozilla/5.0 (Windows NT 10.0; Win64; x64; rv:144.0) Gecko/20100101 Firefox/144.0"
::ffff:127.0.0.1 - - [02/Oct/2025:13:19:02 +0000] "OPTIONS /api/cpagrubc HTTP/1.1" 204 0 "http://localhost:8080/" "Mozilla/5.0 (Windows NT 10.0; Win64; x64; rv:144.0) Gecko/20100101 Firefox/144.0"
::ffff:127.0.0.1 - - [02/Oct/2025:13:19:02 +0000] "GET /api/cpagrubc HTTP/1.1" 304 - "http://localhost:8080/" "Mozilla/5.0 (Windows NT 10.0; Win64; x64; rv:144.0) Gecko/20100101 Firefox/144.0"
::ffff:127.0.0.1 - - [02/Oct/2025:13:19:05 +0000] "OPTIONS /api/gdc/itemreclamadosalproveedor HTTP/1.1" 204 0 "http://localhost:8080/" "Mozilla/5.0 (Windows NT 10.0; Win64; x64; rv:144.0) Gecko/20100101 Firefox/144.0"
::ffff:127.0.0.1 - - [02/Oct/2025:13:19:05 +0000] "OPTIONS /api/gdc/itemsvinculadosaoc HTTP/1.1" 204 0 "http://localhost:8080/" "Mozilla/5.0 (Windows NT 10.0; Win64; x64; rv:144.0) Gecko/20100101 Firefox/144.0"
::ffff:127.0.0.1 - - [02/Oct/2025:13:19:05 +0000] "OPTIONS /api/gdc/infodeartquesecomprancorrientemente?cantdiasatrasparaevaluarsm4=90&diashaciaatrasfechadeNP=365&comprador=SCC&rubros= HTTP/1.1" 204 0 "http://localhost:8080/" "Mozilla/5.0 (Windows NT 10.0; Win64; x64; rv:144.0) Gecko/20100101 Firefox/144.0"
::ffff:127.0.0.1 - - [02/Oct/2025:13:19:06 +0000] "GET /api/gdc/itemsvinculadosaoc HTTP/1.1" 200 - "http://localhost:8080/" "Mozilla/5.0 (Windows NT 10.0; Win64; x64; rv:144.0) Gecko/20100101 Firefox/144.0"
::1 - - [02/Oct/2025:13:19:06 +0000] "GET /api/gdc/modosdestockminimo HTTP/1.1" 200 311 "-" "axios/1.12.2"
::1 - - [02/Oct/2025:13:19:06 +0000] "GET /api/gdc/clasif8artquesecompran HTTP/1.1" 200 - "-" "axios/1.12.2"
::1 - - [02/Oct/2025:13:19:06 +0000] "GET /api/gdc/clasif8artquesecompran HTTP/1.1" 200 - "-" "axios/1.12.2"
::1 - - [02/Oct/2025:13:19:06 +0000] "GET /api/gdc/deposanoconsiderarparastock HTTP/1.1" 200 380 "-" "axios/1.12.2"
::1 - - [02/Oct/2025:13:19:06 +0000] "GET /api/gdc/npstockcomprometido HTTP/1.1" 200 232 "-" "axios/1.12.2"
::1 - - [02/Oct/2025:13:19:06 +0000] "GET /api/gdc/chapastiposqueladefinen HTTP/1.1" 200 136 "-" "axios/1.12.2"
::1 - - [02/Oct/2025:13:19:06 +0000] "GET /api/gdc/remitosdeventas HTTP/1.1" 200 - "-" "axios/1.12.2"
::ffff:127.0.0.1 - - [02/Oct/2025:13:19:06 +0000] "GET /api/gdc/itemreclamadosalproveedor HTTP/1.1" 304 - "http://localhost:8080/" "Mozilla/5.0 (Windows NT 10.0; Win64; x64; rv:144.0) Gecko/20100101 Firefox/144.0"
::ffff:127.0.0.1 - - [02/Oct/2025:13:20:44 +0000] "GET /api/gdc/infodeartquesecomprancorrientemente?cantdiasatrasparaevaluarsm4=90&diashaciaatrasfechadeNP=365&comprador=SCC&rubros= HTTP/1.1" 200 - "http://localhost:8080/" "Mozilla/5.0 (Windows NT 10.0; Win64; x64; rv:144.0) Gecko/20100101 Firefox/144.0"
::ffff:127.0.0.1 - - [02/Oct/2025:13:27:48 +0000] "OPTIONS /api/artsclasif5stockmanual/ HTTP/1.1" 204 0 "http://localhost:8080/" "Mozilla/5.0 (Windows NT 10.0; Win64; x64; rv:144.0) Gecko/20100101 Firefox/144.0"
::ffff:127.0.0.1 - - [02/Oct/2025:13:27:48 +0000] "OPTIONS /api/actualizacionweb/ HTTP/1.1" 204 0 "http://localhost:8080/" "Mozilla/5.0 (Windows NT 10.0; Win64; x64; rv:144.0) Gecko/20100101 Firefox/144.0"
::ffff:127.0.0.1 - - [02/Oct/2025:13:27:48 +0000] "OPTIONS /api/categoriasweb/ HTTP/1.1" 204 0 "http://localhost:8080/" "Mozilla/5.0 (Windows NT 10.0; Win64; x64; rv:144.0) Gecko/20100101 Firefox/144.0"
::ffff:127.0.0.1 - - [02/Oct/2025:13:27:48 +0000] "GET /api/actualizacionweb/ HTTP/1.1" 304 - "http://localhost:8080/" "Mozilla/5.0 (Windows NT 10.0; Win64; x64; rv:144.0) Gecko/20100101 Firefox/144.0"
::ffff:127.0.0.1 - - [02/Oct/2025:13:27:48 +0000] "GET /api/artsclasif5stockmanual/ HTTP/1.1" 200 95 "http://localhost:8080/" "Mozilla/5.0 (Windows NT 10.0; Win64; x64; rv:144.0) Gecko/20100101 Firefox/144.0"
::ffff:127.0.0.1 - - [02/Oct/2025:13:27:48 +0000] "OPTIONS /api/articulosweb/ HTTP/1.1" 204 0 "http://localhost:8080/" "Mozilla/5.0 (Windows NT 10.0; Win64; x64; rv:144.0) Gecko/20100101 Firefox/144.0"
::ffff:127.0.0.1 - - [02/Oct/2025:13:27:48 +0000] "OPTIONS /api/articulosweb/ HTTP/1.1" 204 0 "http://localhost:8080/" "Mozilla/5.0 (Windows NT 10.0; Win64; x64; rv:144.0) Gecko/20100101 Firefox/144.0"
::ffff:127.0.0.1 - - [02/Oct/2025:13:27:48 +0000] "OPTIONS /api/stockartsclasif5/ HTTP/1.1" 204 0 "http://localhost:8080/" "Mozilla/5.0 (Windows NT 10.0; Win64; x64; rv:144.0) Gecko/20100101 Firefox/144.0"
::ffff:127.0.0.1 - - [02/Oct/2025:13:27:48 +0000] "OPTIONS /api/stockartsclasif5/ HTTP/1.1" 204 0 "http://localhost:8080/" "Mozilla/5.0 (Windows NT 10.0; Win64; x64; rv:144.0) Gecko/20100101 Firefox/144.0"
::ffff:127.0.0.1 - - [02/Oct/2025:13:27:48 +0000] "OPTIONS /api/artsclasif5alconsultar/ HTTP/1.1" 204 0 "http://localhost:8080/" "Mozilla/5.0 (Windows NT 10.0; Win64; x64; rv:144.0) Gecko/20100101 Firefox/144.0"
::ffff:127.0.0.1 - - [02/Oct/2025:13:27:48 +0000] "GET /api/articulosweb/ HTTP/1.1" 200 - "http://localhost:8080/" "Mozilla/5.0 (Windows NT 10.0; Win64; x64; rv:144.0) Gecko/20100101 Firefox/144.0"
::ffff:127.0.0.1 - - [02/Oct/2025:13:27:48 +0000] "GET /api/categoriasweb/ HTTP/1.1" 200 - "http://localhost:8080/" "Mozilla/5.0 (Windows NT 10.0; Win64; x64; rv:144.0) Gecko/20100101 Firefox/144.0"
::ffff:127.0.0.1 - - [02/Oct/2025:13:27:48 +0000] "GET /api/artsclasif5alconsultar/ HTTP/1.1" 200 199 "http://localhost:8080/" "Mozilla/5.0 (Windows NT 10.0; Win64; x64; rv:144.0) Gecko/20100101 Firefox/144.0"
::ffff:127.0.0.1 - - [02/Oct/2025:13:27:48 +0000] "GET /api/articulosweb/ HTTP/1.1" 200 - "http://localhost:8080/" "Mozilla/5.0 (Windows NT 10.0; Win64; x64; rv:144.0) Gecko/20100101 Firefox/144.0"
::ffff:127.0.0.1 - - [02/Oct/2025:13:27:48 +0000] "GET /api/stockartsclasif5/ HTTP/1.1" 200 - "http://localhost:8080/" "Mozilla/5.0 (Windows NT 10.0; Win64; x64; rv:144.0) Gecko/20100101 Firefox/144.0"
::ffff:127.0.0.1 - - [02/Oct/2025:13:27:48 +0000] "GET /api/stockartsclasif5/ HTTP/1.1" 200 - "http://localhost:8080/" "Mozilla/5.0 (Windows NT 10.0; Win64; x64; rv:144.0) Gecko/20100101 Firefox/144.0"
::ffff:127.0.0.1 - - [02/Oct/2025:13:27:48 +0000] "GET /api/categoriasweb/ HTTP/1.1" 304 - "http://localhost:8080/" "Mozilla/5.0 (Windows NT 10.0; Win64; x64; rv:144.0) Gecko/20100101 Firefox/144.0"
::ffff:127.0.0.1 - - [02/Oct/2025:13:32:39 +0000] "OPTIONS /api/listabreveusointerno HTTP/1.1" 204 0 "http://localhost:8080/" "Mozilla/5.0 (Windows NT 10.0; Win64; x64; rv:144.0) Gecko/20100101 Firefox/144.0"
::1 - - [02/Oct/2025:13:32:39 +0000] "GET /api/listadepreciobreveusointerno HTTP/1.1" 200 - "-" "axios/1.12.2"
::1 - - [02/Oct/2025:13:32:41 +0000] "GET /api/listabreveuso HTTP/1.1" 200 - "-" "axios/1.12.2"
::ffff:127.0.0.1 - - [02/Oct/2025:13:32:42 +0000] "GET /api/listabreveusointerno HTTP/1.1" 200 - "http://localhost:8080/" "Mozilla/5.0 (Windows NT 10.0; Win64; x64; rv:144.0) Gecko/20100101 Firefox/144.0"
::ffff:127.0.0.1 - - [02/Oct/2025:13:32:48 +0000] "OPTIONS /api/actualizacionweb/ HTTP/1.1" 204 0 "http://localhost:8080/" "Mozilla/5.0 (Windows NT 10.0; Win64; x64; rv:144.0) Gecko/20100101 Firefox/144.0"
::ffff:127.0.0.1 - - [02/Oct/2025:13:32:48 +0000] "GET /api/actualizacionweb/ HTTP/1.1" 304 - "http://localhost:8080/" "Mozilla/5.0 (Windows NT 10.0; Win64; x64; rv:144.0) Gecko/20100101 Firefox/144.0"
::1 - - [02/Oct/2025:13:35:27 +0000] "GET /api/depositoanoconsiderarparastockfisico HTTP/1.1" 200 713 "-" "axios/1.12.2"
::1 - - [02/Oct/2025:13:35:27 +0000] "GET /api/deposanoconsiderar HTTP/1.1" 200 528 "-" "axios/1.12.2"
::1 - - [02/Oct/2025:13:35:27 +0000] "GET /api/comprobantesaomitir HTTP/1.1" 200 322 "-" "axios/1.12.2"
::1 - - [02/Oct/2025:13:35:27 +0000] "GET /api/remitosvtas HTTP/1.1" 200 - "-" "axios/1.12.2"
::1 - - [02/Oct/2025:13:35:27 +0000] "GET /api/calescementosplasticor HTTP/1.1" 200 763 "-" "axios/1.12.2"
::1 - - [02/Oct/2025:13:35:27 +0000] "GET /api/filtroclientesplataforma HTTP/1.1" 200 193 "-" "axios/1.12.2"
::1 - - [02/Oct/2025:13:35:27 +0000] "GET /api/filtroclientesplataforma HTTP/1.1" 200 193 "-" "axios/1.12.2"
::1 - - [02/Oct/2025:13:35:27 +0000] "GET /api/actualizacionweb HTTP/1.1" 200 196 "-" "axios/1.12.2"
::1 - - [02/Oct/2025:13:35:27 +0000] "GET /api/actualizacionweb HTTP/1.1" 200 196 "-" "axios/1.12.2"
::1 - - [02/Oct/2025:13:36:18 +0000] "GET /api/depositoanoconsiderarparastockfisico HTTP/1.1" 200 713 "-" "axios/1.12.2"
::1 - - [02/Oct/2025:13:36:19 +0000] "GET /api/deposanoconsiderar HTTP/1.1" 200 528 "-" "axios/1.12.2"
::1 - - [02/Oct/2025:13:36:19 +0000] "GET /api/comprobantesaomitir HTTP/1.1" 200 322 "-" "axios/1.12.2"
::1 - - [02/Oct/2025:13:36:19 +0000] "GET /api/filtroclientesplataforma HTTP/1.1" 200 193 "-" "axios/1.12.2"
::1 - - [02/Oct/2025:13:36:19 +0000] "GET /api/calescementosplasticor HTTP/1.1" 200 763 "-" "axios/1.12.2"
::1 - - [02/Oct/2025:13:36:19 +0000] "GET /api/remitosvtas HTTP/1.1" 200 - "-" "axios/1.12.2"
::1 - - [02/Oct/2025:13:36:19 +0000] "GET /api/filtroclientesplataforma HTTP/1.1" 200 193 "-" "axios/1.12.2"
::1 - - [02/Oct/2025:13:36:19 +0000] "GET /api/actualizacionweb HTTP/1.1" 200 196 "-" "axios/1.12.2"
::1 - - [02/Oct/2025:13:36:19 +0000] "GET /api/actualizacionweb HTTP/1.1" 200 196 "-" "axios/1.12.2"
::ffff:127.0.0.1 - - [02/Oct/2025:13:37:48 +0000] "OPTIONS /api/actualizacionweb/ HTTP/1.1" 204 0 "http://localhost:8080/" "Mozilla/5.0 (Windows NT 10.0; Win64; x64; rv:144.0) Gecko/20100101 Firefox/144.0"
::ffff:127.0.0.1 - - [02/Oct/2025:13:37:48 +0000] "GET /api/actualizacionweb/ HTTP/1.1" 304 - "http://localhost:8080/" "Mozilla/5.0 (Windows NT 10.0; Win64; x64; rv:144.0) Gecko/20100101 Firefox/144.0"
::ffff:127.0.0.1 - - [02/Oct/2025:13:42:48 +0000] "OPTIONS /api/actualizacionweb/ HTTP/1.1" 204 0 "http://localhost:8080/" "Mozilla/5.0 (Windows NT 10.0; Win64; x64; rv:144.0) Gecko/20100101 Firefox/144.0"
::ffff:127.0.0.1 - - [02/Oct/2025:13:42:48 +0000] "GET /api/actualizacionweb/ HTTP/1.1" 304 - "http://localhost:8080/" "Mozilla/5.0 (Windows NT 10.0; Win64; x64; rv:144.0) Gecko/20100101 Firefox/144.0"
::ffff:127.0.0.1 - - [02/Oct/2025:13:47:48 +0000] "OPTIONS /api/actualizacionweb/ HTTP/1.1" 204 0 "http://localhost:8080/" "Mozilla/5.0 (Windows NT 10.0; Win64; x64; rv:144.0) Gecko/20100101 Firefox/144.0"
::ffff:127.0.0.1 - - [02/Oct/2025:13:47:48 +0000] "GET /api/actualizacionweb/ HTTP/1.1" 304 - "http://localhost:8080/" "Mozilla/5.0 (Windows NT 10.0; Win64; x64; rv:144.0) Gecko/20100101 Firefox/144.0"
::ffff:127.0.0.1 - - [02/Oct/2025:13:52:49 +0000] "OPTIONS /api/actualizacionweb/ HTTP/1.1" 204 0 "http://localhost:8080/" "Mozilla/5.0 (Windows NT 10.0; Win64; x64; rv:144.0) Gecko/20100101 Firefox/144.0"
::ffff:127.0.0.1 - - [02/Oct/2025:13:52:49 +0000] "GET /api/actualizacionweb/ HTTP/1.1" 304 - "http://localhost:8080/" "Mozilla/5.0 (Windows NT 10.0; Win64; x64; rv:144.0) Gecko/20100101 Firefox/144.0"
::ffff:127.0.0.1 - - [02/Oct/2025:13:56:53 +0000] "OPTIONS /api/cpagrubc HTTP/1.1" 204 0 "http://localhost:8080/" "Mozilla/5.0 (Windows NT 10.0; Win64; x64; rv:144.0) Gecko/20100101 Firefox/144.0"
::ffff:127.0.0.1 - - [02/Oct/2025:13:56:53 +0000] "GET /api/cpagrubc HTTP/1.1" 304 - "http://localhost:8080/" "Mozilla/5.0 (Windows NT 10.0; Win64; x64; rv:144.0) Gecko/20100101 Firefox/144.0"
::ffff:127.0.0.1 - - [02/Oct/2025:13:56:55 +0000] "GET /api/cpagrubc HTTP/1.1" 304 - "http://localhost:8080/" "Mozilla/5.0 (Windows NT 10.0; Win64; x64; rv:144.0) Gecko/20100101 Firefox/144.0"
::ffff:127.0.0.1 - - [02/Oct/2025:13:56:58 +0000] "OPTIONS /api/gdc/itemreclamadosalproveedor HTTP/1.1" 204 0 "http://localhost:8080/" "Mozilla/5.0 (Windows NT 10.0; Win64; x64; rv:144.0) Gecko/20100101 Firefox/144.0"
::ffff:127.0.0.1 - - [02/Oct/2025:13:56:58 +0000] "OPTIONS /api/gdc/itemsvinculadosaoc HTTP/1.1" 204 0 "http://localhost:8080/" "Mozilla/5.0 (Windows NT 10.0; Win64; x64; rv:144.0) Gecko/20100101 Firefox/144.0"
::ffff:127.0.0.1 - - [02/Oct/2025:13:56:58 +0000] "OPTIONS /api/gdc/infodeartquesecomprancorrientemente?cantdiasatrasparaevaluarsm4=90&diashaciaatrasfechadeNP=365&comprador=SCC&rubros= HTTP/1.1" 204 0 "http://localhost:8080/" "Mozilla/5.0 (Windows NT 10.0; Win64; x64; rv:144.0) Gecko/20100101 Firefox/144.0"
::ffff:127.0.0.1 - - [02/Oct/2025:13:56:58 +0000] "GET /api/gdc/itemsvinculadosaoc HTTP/1.1" 304 - "http://localhost:8080/" "Mozilla/5.0 (Windows NT 10.0; Win64; x64; rv:144.0) Gecko/20100101 Firefox/144.0"
::1 - - [02/Oct/2025:13:56:58 +0000] "GET /api/gdc/modosdestockminimo HTTP/1.1" 200 311 "-" "axios/1.12.2"
::1 - - [02/Oct/2025:13:56:58 +0000] "GET /api/gdc/clasif8artquesecompran HTTP/1.1" 200 - "-" "axios/1.12.2"
::1 - - [02/Oct/2025:13:56:58 +0000] "GET /api/gdc/deposanoconsiderarparastock HTTP/1.1" 200 380 "-" "axios/1.12.2"
::1 - - [02/Oct/2025:13:56:58 +0000] "GET /api/gdc/npstockcomprometido HTTP/1.1" 200 232 "-" "axios/1.12.2"
::1 - - [02/Oct/2025:13:56:58 +0000] "GET /api/gdc/chapastiposqueladefinen HTTP/1.1" 200 136 "-" "axios/1.12.2"
::1 - - [02/Oct/2025:13:56:58 +0000] "GET /api/gdc/remitosdeventas HTTP/1.1" 200 - "-" "axios/1.12.2"
::1 - - [02/Oct/2025:13:56:58 +0000] "GET /api/gdc/clasif8artquesecompran HTTP/1.1" 200 - "-" "axios/1.12.2"
::ffff:127.0.0.1 - - [02/Oct/2025:13:56:58 +0000] "GET /api/gdc/itemreclamadosalproveedor HTTP/1.1" 304 - "http://localhost:8080/" "Mozilla/5.0 (Windows NT 10.0; Win64; x64; rv:144.0) Gecko/20100101 Firefox/144.0"
::ffff:127.0.0.1 - - [02/Oct/2025:13:57:04 +0000] "GET /api/gdc/infodeartquesecomprancorrientemente?cantdiasatrasparaevaluarsm4=90&diashaciaatrasfechadeNP=365&comprador=SCC&rubros= HTTP/1.1" 200 - "http://localhost:8080/" "Mozilla/5.0 (Windows NT 10.0; Win64; x64; rv:144.0) Gecko/20100101 Firefox/144.0"
::ffff:127.0.0.1 - - [02/Oct/2025:13:57:49 +0000] "OPTIONS /api/actualizacionweb/ HTTP/1.1" 204 0 "http://localhost:8080/" "Mozilla/5.0 (Windows NT 10.0; Win64; x64; rv:144.0) Gecko/20100101 Firefox/144.0"
::ffff:127.0.0.1 - - [02/Oct/2025:13:57:49 +0000] "GET /api/actualizacionweb/ HTTP/1.1" 304 - "http://localhost:8080/" "Mozilla/5.0 (Windows NT 10.0; Win64; x64; rv:144.0) Gecko/20100101 Firefox/144.0"
::1 - - [02/Oct/2025:13:58:22 +0000] "GET /api/deposanoconsiderar HTTP/1.1" 200 528 "-" "axios/1.12.2"
::1 - - [02/Oct/2025:13:58:22 +0000] "GET /api/depositoanoconsiderarparastockfisico HTTP/1.1" 200 713 "-" "axios/1.12.2"
::1 - - [02/Oct/2025:13:58:22 +0000] "GET /api/comprobantesaomitir HTTP/1.1" 200 322 "-" "axios/1.12.2"
::1 - - [02/Oct/2025:13:58:22 +0000] "GET /api/filtroclientesplataforma HTTP/1.1" 200 193 "-" "axios/1.12.2"
::1 - - [02/Oct/2025:13:58:22 +0000] "GET /api/calescementosplasticor HTTP/1.1" 200 763 "-" "axios/1.12.2"
::1 - - [02/Oct/2025:13:58:22 +0000] "GET /api/filtroclientesplataforma HTTP/1.1" 200 193 "-" "axios/1.12.2"
::1 - - [02/Oct/2025:13:58:22 +0000] "GET /api/remitosvtas HTTP/1.1" 200 - "-" "axios/1.12.2"
::1 - - [02/Oct/2025:13:58:22 +0000] "GET /api/actualizacionweb HTTP/1.1" 200 196 "-" "axios/1.12.2"
::1 - - [02/Oct/2025:13:58:22 +0000] "GET /api/actualizacionweb HTTP/1.1" 200 196 "-" "axios/1.12.2"
::ffff:127.0.0.1 - - [02/Oct/2025:14:02:53 +0000] "OPTIONS /api/actualizacionweb/ HTTP/1.1" 204 0 "http://localhost:8080/" "Mozilla/5.0 (Windows NT 10.0; Win64; x64; rv:144.0) Gecko/20100101 Firefox/144.0"
::ffff:127.0.0.1 - - [02/Oct/2025:14:02:53 +0000] "GET /api/actualizacionweb/ HTTP/1.1" 304 - "http://localhost:8080/" "Mozilla/5.0 (Windows NT 10.0; Win64; x64; rv:144.0) Gecko/20100101 Firefox/144.0"
::ffff:127.0.0.1 - - [02/Oct/2025:14:07:53 +0000] "OPTIONS /api/actualizacionweb/ HTTP/1.1" 204 0 "http://localhost:8080/" "Mozilla/5.0 (Windows NT 10.0; Win64; x64; rv:144.0) Gecko/20100101 Firefox/144.0"
::ffff:127.0.0.1 - - [02/Oct/2025:14:07:53 +0000] "GET /api/actualizacionweb/ HTTP/1.1" 304 - "http://localhost:8080/" "Mozilla/5.0 (Windows NT 10.0; Win64; x64; rv:144.0) Gecko/20100101 Firefox/144.0"
::ffff:127.0.0.1 - - [02/Oct/2025:14:12:53 +0000] "OPTIONS /api/actualizacionweb/ HTTP/1.1" 204 0 "http://localhost:8080/" "Mozilla/5.0 (Windows NT 10.0; Win64; x64; rv:144.0) Gecko/20100101 Firefox/144.0"
::ffff:127.0.0.1 - - [02/Oct/2025:14:12:53 +0000] "GET /api/actualizacionweb/ HTTP/1.1" 304 - "http://localhost:8080/" "Mozilla/5.0 (Windows NT 10.0; Win64; x64; rv:144.0) Gecko/20100101 Firefox/144.0"
::ffff:127.0.0.1 - - [02/Oct/2025:14:17:53 +0000] "OPTIONS /api/actualizacionweb/ HTTP/1.1" 204 0 "http://localhost:8080/" "Mozilla/5.0 (Windows NT 10.0; Win64; x64; rv:144.0) Gecko/20100101 Firefox/144.0"
::ffff:127.0.0.1 - - [02/Oct/2025:14:17:54 +0000] "GET /api/actualizacionweb/ HTTP/1.1" 304 - "http://localhost:8080/" "Mozilla/5.0 (Windows NT 10.0; Win64; x64; rv:144.0) Gecko/20100101 Firefox/144.0"
::ffff:127.0.0.1 - - [02/Oct/2025:14:22:53 +0000] "OPTIONS /api/actualizacionweb/ HTTP/1.1" 204 0 "http://localhost:8080/" "Mozilla/5.0 (Windows NT 10.0; Win64; x64; rv:144.0) Gecko/20100101 Firefox/144.0"
::ffff:127.0.0.1 - - [02/Oct/2025:14:22:54 +0000] "GET /api/actualizacionweb/ HTTP/1.1" 304 - "http://localhost:8080/" "Mozilla/5.0 (Windows NT 10.0; Win64; x64; rv:144.0) Gecko/20100101 Firefox/144.0"
::ffff:127.0.0.1 - - [02/Oct/2025:14:27:53 +0000] "OPTIONS /api/actualizacionweb/ HTTP/1.1" 204 0 "http://localhost:8080/" "Mozilla/5.0 (Windows NT 10.0; Win64; x64; rv:144.0) Gecko/20100101 Firefox/144.0"
::ffff:127.0.0.1 - - [02/Oct/2025:14:27:54 +0000] "GET /api/actualizacionweb/ HTTP/1.1" 304 - "http://localhost:8080/" "Mozilla/5.0 (Windows NT 10.0; Win64; x64; rv:144.0) Gecko/20100101 Firefox/144.0"
::ffff:127.0.0.1 - - [02/Oct/2025:14:32:54 +0000] "OPTIONS /api/actualizacionweb/ HTTP/1.1" 204 0 "http://localhost:8080/" "Mozilla/5.0 (Windows NT 10.0; Win64; x64; rv:144.0) Gecko/20100101 Firefox/144.0"
::ffff:127.0.0.1 - - [02/Oct/2025:14:32:54 +0000] "GET /api/actualizacionweb/ HTTP/1.1" 304 - "http://localhost:8080/" "Mozilla/5.0 (Windows NT 10.0; Win64; x64; rv:144.0) Gecko/20100101 Firefox/144.0"
::ffff:127.0.0.1 - - [02/Oct/2025:14:37:54 +0000] "OPTIONS /api/actualizacionweb/ HTTP/1.1" 204 0 "http://localhost:8080/" "Mozilla/5.0 (Windows NT 10.0; Win64; x64; rv:144.0) Gecko/20100101 Firefox/144.0"
::ffff:127.0.0.1 - - [02/Oct/2025:14:37:54 +0000] "GET /api/actualizacionweb/ HTTP/1.1" 304 - "http://localhost:8080/" "Mozilla/5.0 (Windows NT 10.0; Win64; x64; rv:144.0) Gecko/20100101 Firefox/144.0"
::ffff:127.0.0.1 - - [02/Oct/2025:14:42:54 +0000] "OPTIONS /api/actualizacionweb/ HTTP/1.1" 204 0 "http://localhost:8080/" "Mozilla/5.0 (Windows NT 10.0; Win64; x64; rv:144.0) Gecko/20100101 Firefox/144.0"
::ffff:127.0.0.1 - - [02/Oct/2025:14:42:54 +0000] "GET /api/actualizacionweb/ HTTP/1.1" 304 - "http://localhost:8080/" "Mozilla/5.0 (Windows NT 10.0; Win64; x64; rv:144.0) Gecko/20100101 Firefox/144.0"
::ffff:127.0.0.1 - - [02/Oct/2025:14:47:54 +0000] "OPTIONS /api/actualizacionweb/ HTTP/1.1" 204 0 "http://localhost:8080/" "Mozilla/5.0 (Windows NT 10.0; Win64; x64; rv:144.0) Gecko/20100101 Firefox/144.0"
::ffff:127.0.0.1 - - [02/Oct/2025:14:47:54 +0000] "GET /api/actualizacionweb/ HTTP/1.1" 304 - "http://localhost:8080/" "Mozilla/5.0 (Windows NT 10.0; Win64; x64; rv:144.0) Gecko/20100101 Firefox/144.0"
::ffff:127.0.0.1 - - [02/Oct/2025:14:52:55 +0000] "OPTIONS /api/actualizacionweb/ HTTP/1.1" 204 0 "http://localhost:8080/" "Mozilla/5.0 (Windows NT 10.0; Win64; x64; rv:144.0) Gecko/20100101 Firefox/144.0"
::ffff:127.0.0.1 - - [02/Oct/2025:14:52:55 +0000] "GET /api/actualizacionweb/ HTTP/1.1" 304 - "http://localhost:8080/" "Mozilla/5.0 (Windows NT 10.0; Win64; x64; rv:144.0) Gecko/20100101 Firefox/144.0"
::ffff:127.0.0.1 - - [02/Oct/2025:14:57:56 +0000] "OPTIONS /api/actualizacionweb/ HTTP/1.1" 204 0 "http://localhost:8080/" "Mozilla/5.0 (Windows NT 10.0; Win64; x64; rv:144.0) Gecko/20100101 Firefox/144.0"
::ffff:127.0.0.1 - - [02/Oct/2025:14:57:56 +0000] "GET /api/actualizacionweb/ HTTP/1.1" 304 - "http://localhost:8080/" "Mozilla/5.0 (Windows NT 10.0; Win64; x64; rv:144.0) Gecko/20100101 Firefox/144.0"
::ffff:127.0.0.1 - - [02/Oct/2025:15:02:56 +0000] "OPTIONS /api/actualizacionweb/ HTTP/1.1" 204 0 "http://localhost:8080/" "Mozilla/5.0 (Windows NT 10.0; Win64; x64; rv:144.0) Gecko/20100101 Firefox/144.0"
::ffff:127.0.0.1 - - [02/Oct/2025:15:02:56 +0000] "GET /api/actualizacionweb/ HTTP/1.1" 304 - "http://localhost:8080/" "Mozilla/5.0 (Windows NT 10.0; Win64; x64; rv:144.0) Gecko/20100101 Firefox/144.0"
::ffff:127.0.0.1 - - [02/Oct/2025:15:07:56 +0000] "OPTIONS /api/actualizacionweb/ HTTP/1.1" 204 0 "http://localhost:8080/" "Mozilla/5.0 (Windows NT 10.0; Win64; x64; rv:144.0) Gecko/20100101 Firefox/144.0"
::ffff:127.0.0.1 - - [02/Oct/2025:15:07:56 +0000] "GET /api/actualizacionweb/ HTTP/1.1" 304 - "http://localhost:8080/" "Mozilla/5.0 (Windows NT 10.0; Win64; x64; rv:144.0) Gecko/20100101 Firefox/144.0"
::ffff:127.0.0.1 - - [02/Oct/2025:15:12:57 +0000] "OPTIONS /api/actualizacionweb/ HTTP/1.1" 204 0 "http://localhost:8080/" "Mozilla/5.0 (Windows NT 10.0; Win64; x64; rv:144.0) Gecko/20100101 Firefox/144.0"
::ffff:127.0.0.1 - - [02/Oct/2025:15:12:57 +0000] "GET /api/actualizacionweb/ HTTP/1.1" 304 - "http://localhost:8080/" "Mozilla/5.0 (Windows NT 10.0; Win64; x64; rv:144.0) Gecko/20100101 Firefox/144.0"
::ffff:127.0.0.1 - - [02/Oct/2025:15:17:57 +0000] "OPTIONS /api/actualizacionweb/ HTTP/1.1" 204 0 "http://localhost:8080/" "Mozilla/5.0 (Windows NT 10.0; Win64; x64; rv:144.0) Gecko/20100101 Firefox/144.0"
::ffff:127.0.0.1 - - [02/Oct/2025:15:17:57 +0000] "GET /api/actualizacionweb/ HTTP/1.1" 304 - "http://localhost:8080/" "Mozilla/5.0 (Windows NT 10.0; Win64; x64; rv:144.0) Gecko/20100101 Firefox/144.0"
::ffff:127.0.0.1 - - [02/Oct/2025:15:22:57 +0000] "OPTIONS /api/actualizacionweb/ HTTP/1.1" 204 0 "http://localhost:8080/" "Mozilla/5.0 (Windows NT 10.0; Win64; x64; rv:144.0) Gecko/20100101 Firefox/144.0"
::ffff:127.0.0.1 - - [02/Oct/2025:15:22:57 +0000] "GET /api/actualizacionweb/ HTTP/1.1" 304 - "http://localhost:8080/" "Mozilla/5.0 (Windows NT 10.0; Win64; x64; rv:144.0) Gecko/20100101 Firefox/144.0"
::ffff:127.0.0.1 - - [02/Oct/2025:15:27:57 +0000] "OPTIONS /api/actualizacionweb/ HTTP/1.1" 204 0 "http://localhost:8080/" "Mozilla/5.0 (Windows NT 10.0; Win64; x64; rv:144.0) Gecko/20100101 Firefox/144.0"
::ffff:127.0.0.1 - - [02/Oct/2025:15:27:57 +0000] "GET /api/actualizacionweb/ HTTP/1.1" 304 - "http://localhost:8080/" "Mozilla/5.0 (Windows NT 10.0; Win64; x64; rv:144.0) Gecko/20100101 Firefox/144.0"
::ffff:127.0.0.1 - - [02/Oct/2025:15:32:57 +0000] "OPTIONS /api/actualizacionweb/ HTTP/1.1" 204 0 "http://localhost:8080/" "Mozilla/5.0 (Windows NT 10.0; Win64; x64; rv:144.0) Gecko/20100101 Firefox/144.0"
::ffff:127.0.0.1 - - [02/Oct/2025:15:32:57 +0000] "GET /api/actualizacionweb/ HTTP/1.1" 304 - "http://localhost:8080/" "Mozilla/5.0 (Windows NT 10.0; Win64; x64; rv:144.0) Gecko/20100101 Firefox/144.0"
::ffff:127.0.0.1 - - [02/Oct/2025:15:37:58 +0000] "OPTIONS /api/actualizacionweb/ HTTP/1.1" 204 0 "http://localhost:8080/" "Mozilla/5.0 (Windows NT 10.0; Win64; x64; rv:144.0) Gecko/20100101 Firefox/144.0"
::ffff:127.0.0.1 - - [02/Oct/2025:15:37:58 +0000] "GET /api/actualizacionweb/ HTTP/1.1" 304 - "http://localhost:8080/" "Mozilla/5.0 (Windows NT 10.0; Win64; x64; rv:144.0) Gecko/20100101 Firefox/144.0"
::ffff:127.0.0.1 - - [02/Oct/2025:15:42:58 +0000] "OPTIONS /api/actualizacionweb/ HTTP/1.1" 204 0 "http://localhost:8080/" "Mozilla/5.0 (Windows NT 10.0; Win64; x64; rv:144.0) Gecko/20100101 Firefox/144.0"
::ffff:127.0.0.1 - - [02/Oct/2025:15:42:58 +0000] "GET /api/actualizacionweb/ HTTP/1.1" 304 - "http://localhost:8080/" "Mozilla/5.0 (Windows NT 10.0; Win64; x64; rv:144.0) Gecko/20100101 Firefox/144.0"
::ffff:127.0.0.1 - - [02/Oct/2025:15:47:58 +0000] "OPTIONS /api/actualizacionweb/ HTTP/1.1" 204 0 "http://localhost:8080/" "Mozilla/5.0 (Windows NT 10.0; Win64; x64; rv:144.0) Gecko/20100101 Firefox/144.0"
::ffff:127.0.0.1 - - [02/Oct/2025:15:47:58 +0000] "GET /api/actualizacionweb/ HTTP/1.1" 304 - "http://localhost:8080/" "Mozilla/5.0 (Windows NT 10.0; Win64; x64; rv:144.0) Gecko/20100101 Firefox/144.0"
::1 - - [02/Oct/2025:15:50:33 +0000] "GET /api/depositoanoconsiderarparastockfisico HTTP/1.1" 200 713 "-" "axios/1.12.2"
::1 - - [02/Oct/2025:15:50:33 +0000] "GET /api/deposanoconsiderar HTTP/1.1" 200 528 "-" "axios/1.12.2"
::1 - - [02/Oct/2025:15:50:33 +0000] "GET /api/comprobantesaomitir HTTP/1.1" 200 322 "-" "axios/1.12.2"
::1 - - [02/Oct/2025:15:50:33 +0000] "GET /api/remitosvtas HTTP/1.1" 200 - "-" "axios/1.12.2"
::1 - - [02/Oct/2025:15:50:33 +0000] "GET /api/filtroclientesplataforma HTTP/1.1" 200 193 "-" "axios/1.12.2"
::1 - - [02/Oct/2025:15:50:33 +0000] "GET /api/calescementosplasticor HTTP/1.1" 200 763 "-" "axios/1.12.2"
::1 - - [02/Oct/2025:15:50:33 +0000] "GET /api/filtroclientesplataforma HTTP/1.1" 200 193 "-" "axios/1.12.2"
::1 - - [02/Oct/2025:15:50:33 +0000] "GET /api/actualizacionweb HTTP/1.1" 200 196 "-" "axios/1.12.2"
::1 - - [02/Oct/2025:15:50:33 +0000] "GET /api/actualizacionweb HTTP/1.1" 200 196 "-" "axios/1.12.2"
::1 - - [02/Oct/2025:15:52:58 +0000] "GET /api/deposanoconsiderar HTTP/1.1" 200 528 "-" "axios/1.12.2"
::1 - - [02/Oct/2025:15:52:58 +0000] "GET /api/comprobantesaomitir HTTP/1.1" 200 322 "-" "axios/1.12.2"
::1 - - [02/Oct/2025:15:52:58 +0000] "GET /api/depositoanoconsiderarparastockfisico HTTP/1.1" 200 713 "-" "axios/1.12.2"
::1 - - [02/Oct/2025:15:52:58 +0000] "GET /api/remitosvtas HTTP/1.1" 200 - "-" "axios/1.12.2"
::1 - - [02/Oct/2025:15:52:58 +0000] "GET /api/calescementosplasticor HTTP/1.1" 200 763 "-" "axios/1.12.2"
::1 - - [02/Oct/2025:15:52:58 +0000] "GET /api/filtroclientesplataforma HTTP/1.1" 200 193 "-" "axios/1.12.2"
::1 - - [02/Oct/2025:15:52:58 +0000] "GET /api/filtroclientesplataforma HTTP/1.1" 200 193 "-" "axios/1.12.2"
::1 - - [02/Oct/2025:15:52:58 +0000] "GET /api/actualizacionweb HTTP/1.1" 200 196 "-" "axios/1.12.2"
::1 - - [02/Oct/2025:15:52:58 +0000] "GET /api/actualizacionweb HTTP/1.1" 200 196 "-" "axios/1.12.2"
::ffff:127.0.0.1 - - [02/Oct/2025:15:52:58 +0000] "OPTIONS /api/actualizacionweb/ HTTP/1.1" 204 0 "http://localhost:8080/" "Mozilla/5.0 (Windows NT 10.0; Win64; x64; rv:144.0) Gecko/20100101 Firefox/144.0"
::ffff:127.0.0.1 - - [02/Oct/2025:15:52:58 +0000] "GET /api/actualizacionweb/ HTTP/1.1" 304 - "http://localhost:8080/" "Mozilla/5.0 (Windows NT 10.0; Win64; x64; rv:144.0) Gecko/20100101 Firefox/144.0"
::ffff:127.0.0.1 - - [02/Oct/2025:15:57:59 +0000] "OPTIONS /api/actualizacionweb/ HTTP/1.1" 204 0 "http://localhost:8080/" "Mozilla/5.0 (Windows NT 10.0; Win64; x64; rv:144.0) Gecko/20100101 Firefox/144.0"
::ffff:127.0.0.1 - - [02/Oct/2025:15:57:59 +0000] "GET /api/actualizacionweb/ HTTP/1.1" 304 - "http://localhost:8080/" "Mozilla/5.0 (Windows NT 10.0; Win64; x64; rv:144.0) Gecko/20100101 Firefox/144.0"
::ffff:127.0.0.1 - - [02/Oct/2025:16:03:00 +0000] "OPTIONS /api/actualizacionweb/ HTTP/1.1" 204 0 "http://localhost:8080/" "Mozilla/5.0 (Windows NT 10.0; Win64; x64; rv:144.0) Gecko/20100101 Firefox/144.0"
::ffff:127.0.0.1 - - [02/Oct/2025:16:03:00 +0000] "GET /api/actualizacionweb/ HTTP/1.1" 304 - "http://localhost:8080/" "Mozilla/5.0 (Windows NT 10.0; Win64; x64; rv:144.0) Gecko/20100101 Firefox/144.0"
